<?xml version="1.0" encoding="UTF-8"?>
<!-- Generated by org.testng.reporters.JUnitXMLReporter -->
<testsuite hostname="LAPTOP-HGVSNOTG" name="Test Automation" tests="2" failures="1" timestamp="5 Oct 2021 03:00:25 GMT" time="56.578" errors="0">
  <testcase name="fullTestMethod" time="10.42" classname="test.java.SampleTest">
    <skipped/>
  </testcase> <!-- fullTestMethod -->
  <testcase name="fullTestMethod" time="23.213" classname="test.java.SampleTest">
    <failure type="java.lang.NoSuchFieldError" message="excelPropertyLoader">
      <![CDATA[java.lang.NoSuchFieldError: excelPropertyLoader
	at main.java.pageEvents.CheckoutPageEvents.loginMethod(CheckoutPageEvents.java:28)
	at test.java.SampleTest.fullTestMethod(SampleTest.java:27)
... Removed 24 stack frames]]>
    </failure>
  </testcase> <!-- fullTestMethod -->
</testsuite> <!-- Test Automation -->
