<?xml version="1.0" encoding="UTF-8"?>
<!-- Generated by org.testng.reporters.JUnitXMLReporter -->
<testsuite hostname="LSTKAG233170" failures="1" tests="2" name="Test Automation" time="16.899" errors="0" timestamp="15 Oct 2021 04:12:07 GMT">
  <testcase classname="test.java.SampleTest" name="fullTestMethod" time="4.491">
    <skipped/>
  </testcase> <!-- fullTestMethod -->
  <testcase classname="test.java.SampleTest" name="fullTestMethod" time="4.075">
    <failure type="java.lang.AssertionError" message="Fail On Click Register">
      <![CDATA[java.lang.AssertionError: Fail On Click Register
	at test.java.SampleTest.Click_RegisterCheck_TC13_TC14(SampleTest.java:55)
	at test.java.SampleTest.fullTestMethod(SampleTest.java:31)
... Removed 25 stack frames]]>
    </failure>
  </testcase> <!-- fullTestMethod -->
</testsuite> <!-- Test Automation -->
