<?xml version="1.0" encoding="UTF-8"?>
<!-- Generated by org.testng.reporters.JUnitXMLReporter -->
<testsuite hostname="julio" name="Test Automation" tests="2" failures="1" timestamp="5 Oct 2021 16:25:18 GMT" time="69.289" errors="0">
  <testcase name="fullTestMethod" time="18.971" classname="test.java.SampleTest">
    <skipped/>
  </testcase> <!-- fullTestMethod -->
  <testcase name="fullTestMethod" time="44.254" classname="test.java.SampleTest">
    <failure type="java.lang.AssertionError" message="Registration failed expected [true] but found [false]">
      <![CDATA[java.lang.AssertionError: Registration failed expected [true] but found [false]
	at main.java.pageEvents.RegisterPageEvents.validateRegister(RegisterPageEvents.java:113)
	at test.java.SampleTest.fullTestMethod(SampleTest.java:25)
... Removed 27 stack frames]]>
    </failure>
  </testcase> <!-- fullTestMethod -->
</testsuite> <!-- Test Automation -->
