<?xml version="1.0" encoding="UTF-8"?>
<testng-results skipped="0" failed="0" total="1" passed="1">
  <reporter-output>
  </reporter-output>
  <suite name="Sample Test Suite" duration-ms="12983" started-at="2021-10-05T20:49:31Z" finished-at="2021-10-05T20:49:44Z">
    <groups>
    </groups>
    <test name="Test Automation" duration-ms="12983" started-at="2021-10-05T20:49:31Z" finished-at="2021-10-05T20:49:44Z">
      <class name="test.java.SampleTest">
        <test-method status="PASS" signature="beforeTestMethod()[pri:0, instance:test.java.SampleTest@6eebc39e]" name="beforeTestMethod" is-config="true" duration-ms="530" started-at="2021-10-05T13:49:31Z" finished-at="2021-10-05T13:49:31Z">
          <reporter-output>
          </reporter-output>
        </test-method> <!-- beforeTestMethod -->
        <test-method status="PASS" signature="beforeMethodMethod(java.lang.String, java.lang.reflect.Method)[pri:0, instance:test.java.SampleTest@6eebc39e]" name="beforeMethodMethod" is-config="true" duration-ms="2155" started-at="2021-10-05T13:49:31Z" finished-at="2021-10-05T13:49:33Z">
          <params>
            <param index="0">
              <value>
                <![CDATA[chrome]]>
              </value>
            </param>
            <param index="1">
              <value>
                <![CDATA[public void test.java.SampleTest.fullTestMethod()]]>
              </value>
            </param>
          </params>
          <reporter-output>
          </reporter-output>
        </test-method> <!-- beforeMethodMethod -->
        <test-method status="PASS" signature="fullTestMethod()[pri:0, instance:test.java.SampleTest@6eebc39e]" name="fullTestMethod" duration-ms="9301" started-at="2021-10-05T13:49:33Z" finished-at="2021-10-05T13:49:43Z">
          <reporter-output>
          </reporter-output>
        </test-method> <!-- fullTestMethod -->
        <test-method status="PASS" signature="afterMethodMethod(org.testng.ITestResult)[pri:0, instance:test.java.SampleTest@6eebc39e]" name="afterMethodMethod" is-config="true" duration-ms="609" started-at="2021-10-05T13:49:43Z" finished-at="2021-10-05T13:49:44Z">
          <params>
            <param index="0">
              <value>
                <![CDATA[[TestResult name=fullTestMethod status=SUCCESS method=SampleTest.fullTestMethod()[pri:0, instance:test.java.SampleTest@6eebc39e] output={null}]]]>
              </value>
            </param>
          </params>
          <reporter-output>
          </reporter-output>
        </test-method> <!-- afterMethodMethod -->
        <test-method status="PASS" signature="afterTestMethod()[pri:0, instance:test.java.SampleTest@6eebc39e]" name="afterTestMethod" is-config="true" duration-ms="191" started-at="2021-10-05T13:49:44Z" finished-at="2021-10-05T13:49:44Z">
          <reporter-output>
          </reporter-output>
        </test-method> <!-- afterTestMethod -->
      </class> <!-- test.java.SampleTest -->
    </test> <!-- Test Automation -->
  </suite> <!-- Sample Test Suite -->
</testng-results>
