<?xml version="1.0" encoding="UTF-8"?>
<testng-results total="2" passed="0" failed="1" skipped="1">
  <reporter-output>
  </reporter-output>
  <suite started-at="2021-10-15T04:11:50Z" name="Sample Test Suite" finished-at="2021-10-15T04:12:07Z" duration-ms="16899">
    <groups>
    </groups>
    <test started-at="2021-10-15T04:11:50Z" name="Test Automation" finished-at="2021-10-15T04:12:07Z" duration-ms="16899">
      <class name="test.java.SampleTest">
        <test-method is-config="true" signature="beforeTestMethod()[pri:0, instance:test.java.SampleTest@73e22a3d]" started-at="2021-10-14T23:11:50Z" name="beforeTestMethod" finished-at="2021-10-14T23:11:51Z" duration-ms="617" status="PASS">
          <reporter-output>
          </reporter-output>
        </test-method> <!-- beforeTestMethod -->
        <test-method is-config="true" signature="beforeMethodMethod(java.lang.String, java.lang.reflect.Method)[pri:0, instance:test.java.SampleTest@73e22a3d]" started-at="2021-10-14T23:11:51Z" name="beforeMethodMethod" finished-at="2021-10-14T23:11:55Z" duration-ms="3772" status="PASS">
          <params>
            <param index="0">
              <value>
                <![CDATA[chrome]]>
              </value>
            </param>
            <param index="1">
              <value>
                <![CDATA[public void test.java.SampleTest.fullTestMethod() throws java.lang.InterruptedException]]>
              </value>
            </param>
          </params>
          <reporter-output>
          </reporter-output>
        </test-method> <!-- beforeMethodMethod -->
        <test-method signature="fullTestMethod()[pri:0, instance:test.java.SampleTest@73e22a3d]" started-at="2021-10-14T23:11:55Z" name="fullTestMethod" finished-at="2021-10-14T23:11:59Z" duration-ms="4491" status="SKIP">
          <exception class="java.lang.AssertionError">
            <message>
              <![CDATA[Fail On Click Register]]>
            </message>
            <full-stacktrace>
              <![CDATA[java.lang.AssertionError: Fail On Click Register
	at org.testng.Assert.fail(Assert.java:94)
	at test.java.SampleTest.Click_RegisterCheck_TC13_TC14(SampleTest.java:55)
	at test.java.SampleTest.fullTestMethod(SampleTest.java:31)
	at java.base/jdk.internal.reflect.NativeMethodAccessorImpl.invoke0(Native Method)
	at java.base/jdk.internal.reflect.NativeMethodAccessorImpl.invoke(NativeMethodAccessorImpl.java:78)
	at java.base/jdk.internal.reflect.DelegatingMethodAccessorImpl.invoke(DelegatingMethodAccessorImpl.java:43)
	at java.base/java.lang.reflect.Method.invoke(Method.java:567)
	at org.testng.internal.MethodInvocationHelper.invokeMethod(MethodInvocationHelper.java:86)
	at org.testng.internal.Invoker.invokeMethod(Invoker.java:643)
	at org.testng.internal.Invoker.invokeTestMethod(Invoker.java:820)
	at org.testng.internal.Invoker.invokeTestMethods(Invoker.java:1128)
	at org.testng.internal.TestMethodWorker.invokeTestMethods(TestMethodWorker.java:129)
	at org.testng.internal.TestMethodWorker.run(TestMethodWorker.java:112)
	at org.testng.TestRunner.privateRun(TestRunner.java:782)
	at org.testng.TestRunner.run(TestRunner.java:632)
	at org.testng.SuiteRunner.runTest(SuiteRunner.java:366)
	at org.testng.SuiteRunner.runSequentially(SuiteRunner.java:361)
	at org.testng.SuiteRunner.privateRun(SuiteRunner.java:319)
	at org.testng.SuiteRunner.run(SuiteRunner.java:268)
	at org.testng.SuiteRunnerWorker.runSuite(SuiteRunnerWorker.java:52)
	at org.testng.SuiteRunnerWorker.run(SuiteRunnerWorker.java:86)
	at org.testng.TestNG.runSuitesSequentially(TestNG.java:1244)
	at org.testng.TestNG.runSuitesLocally(TestNG.java:1169)
	at org.testng.TestNG.run(TestNG.java:1064)
	at org.testng.remote.AbstractRemoteTestNG.run(AbstractRemoteTestNG.java:115)
	at org.testng.remote.RemoteTestNG.initAndRun(RemoteTestNG.java:251)
	at org.testng.remote.RemoteTestNG.main(RemoteTestNG.java:77)
]]>
            </full-stacktrace>
          </exception> <!-- java.lang.AssertionError -->
          <reporter-output>
          </reporter-output>
        </test-method> <!-- fullTestMethod -->
        <test-method is-config="true" signature="afterMethodMethod(org.testng.ITestResult)[pri:0, instance:test.java.SampleTest@73e22a3d]" started-at="2021-10-14T23:11:59Z" name="afterMethodMethod" finished-at="2021-10-14T23:11:59Z" duration-ms="90" status="PASS">
          <params>
            <param index="0">
              <value>
                <![CDATA[[TestResult name=fullTestMethod status=SKIP method=SampleTest.fullTestMethod()[pri:0, instance:test.java.SampleTest@73e22a3d] output={null}]]]>
              </value>
            </param>
          </params>
          <reporter-output>
          </reporter-output>
        </test-method> <!-- afterMethodMethod -->
        <test-method is-config="true" signature="beforeMethodMethod(java.lang.String, java.lang.reflect.Method)[pri:0, instance:test.java.SampleTest@73e22a3d]" started-at="2021-10-14T23:11:59Z" name="beforeMethodMethod" finished-at="2021-10-14T23:12:03Z" duration-ms="3351" status="PASS">
          <params>
            <param index="0">
              <value>
                <![CDATA[chrome]]>
              </value>
            </param>
            <param index="1">
              <value>
                <![CDATA[public void test.java.SampleTest.fullTestMethod() throws java.lang.InterruptedException]]>
              </value>
            </param>
          </params>
          <reporter-output>
          </reporter-output>
        </test-method> <!-- beforeMethodMethod -->
        <test-method signature="fullTestMethod()[pri:0, instance:test.java.SampleTest@73e22a3d]" started-at="2021-10-14T23:12:03Z" name="fullTestMethod" finished-at="2021-10-14T23:12:07Z" duration-ms="4075" status="FAIL">
          <exception class="java.lang.AssertionError">
            <message>
              <![CDATA[Fail On Click Register]]>
            </message>
            <full-stacktrace>
              <![CDATA[java.lang.AssertionError: Fail On Click Register
	at org.testng.Assert.fail(Assert.java:94)
	at test.java.SampleTest.Click_RegisterCheck_TC13_TC14(SampleTest.java:55)
	at test.java.SampleTest.fullTestMethod(SampleTest.java:31)
	at java.base/jdk.internal.reflect.NativeMethodAccessorImpl.invoke0(Native Method)
	at java.base/jdk.internal.reflect.NativeMethodAccessorImpl.invoke(NativeMethodAccessorImpl.java:78)
	at java.base/jdk.internal.reflect.DelegatingMethodAccessorImpl.invoke(DelegatingMethodAccessorImpl.java:43)
	at java.base/java.lang.reflect.Method.invoke(Method.java:567)
	at org.testng.internal.MethodInvocationHelper.invokeMethod(MethodInvocationHelper.java:86)
	at org.testng.internal.Invoker.invokeMethod(Invoker.java:643)
	at org.testng.internal.Invoker.retryFailed(Invoker.java:967)
	at org.testng.internal.Invoker.invokeTestMethods(Invoker.java:1146)
	at org.testng.internal.TestMethodWorker.invokeTestMethods(TestMethodWorker.java:129)
	at org.testng.internal.TestMethodWorker.run(TestMethodWorker.java:112)
	at org.testng.TestRunner.privateRun(TestRunner.java:782)
	at org.testng.TestRunner.run(TestRunner.java:632)
	at org.testng.SuiteRunner.runTest(SuiteRunner.java:366)
	at org.testng.SuiteRunner.runSequentially(SuiteRunner.java:361)
	at org.testng.SuiteRunner.privateRun(SuiteRunner.java:319)
	at org.testng.SuiteRunner.run(SuiteRunner.java:268)
	at org.testng.SuiteRunnerWorker.runSuite(SuiteRunnerWorker.java:52)
	at org.testng.SuiteRunnerWorker.run(SuiteRunnerWorker.java:86)
	at org.testng.TestNG.runSuitesSequentially(TestNG.java:1244)
	at org.testng.TestNG.runSuitesLocally(TestNG.java:1169)
	at org.testng.TestNG.run(TestNG.java:1064)
	at org.testng.remote.AbstractRemoteTestNG.run(AbstractRemoteTestNG.java:115)
	at org.testng.remote.RemoteTestNG.initAndRun(RemoteTestNG.java:251)
	at org.testng.remote.RemoteTestNG.main(RemoteTestNG.java:77)
]]>
            </full-stacktrace>
          </exception> <!-- java.lang.AssertionError -->
          <reporter-output>
          </reporter-output>
        </test-method> <!-- fullTestMethod -->
        <test-method is-config="true" signature="afterMethodMethod(org.testng.ITestResult)[pri:0, instance:test.java.SampleTest@73e22a3d]" started-at="2021-10-14T23:12:07Z" name="afterMethodMethod" finished-at="2021-10-14T23:12:07Z" duration-ms="86" status="PASS">
          <params>
            <param index="0">
              <value>
                <![CDATA[[TestResult name=fullTestMethod status=FAILURE method=SampleTest.fullTestMethod()[pri:0, instance:test.java.SampleTest@73e22a3d] output={null}]]]>
              </value>
            </param>
          </params>
          <reporter-output>
          </reporter-output>
        </test-method> <!-- afterMethodMethod -->
        <test-method is-config="true" signature="afterTestMethod()[pri:0, instance:test.java.SampleTest@73e22a3d]" started-at="2021-10-14T23:12:07Z" name="afterTestMethod" finished-at="2021-10-14T23:12:07Z" duration-ms="243" status="PASS">
          <reporter-output>
          </reporter-output>
        </test-method> <!-- afterTestMethod -->
      </class> <!-- test.java.SampleTest -->
    </test> <!-- Test Automation -->
  </suite> <!-- Sample Test Suite -->
</testng-results>
